jun 15, 2025 6:06:07 PM punto.inventario <clinit>
INFORMACIÓN: Logger de Inventario configurado correctamente
jun 15, 2025 6:06:07 PM punto.inventario <init>
INFORMACIÓN: Iniciando ventana de Inventario
jun 15, 2025 6:06:08 PM punto.inventario <init>
GRAVE: Error crítico al inicializar la ventana de Inventario
java.lang.RuntimeException: Uncompilable source code - Erroneous sym type: punto.inventario.configurarManejoErrores
	at punto.inventario.<init>(inventario.java:110)
	at punto.inventario$5.run(inventario.java:271)
	at java.awt.event.InvocationEvent.dispatch(InvocationEvent.java:311)
	at java.awt.EventQueue.dispatchEventImpl(EventQueue.java:756)
	at java.awt.EventQueue.access$500(EventQueue.java:97)
	at java.awt.EventQueue$3.run(EventQueue.java:709)
	at java.awt.EventQueue$3.run(EventQueue.java:703)
	at java.security.AccessController.doPrivileged(Native Method)
	at java.security.ProtectionDomain$JavaSecurityAccessImpl.doIntersectionPrivilege(ProtectionDomain.java:76)
	at java.awt.EventQueue.dispatchEvent(EventQueue.java:726)
	at java.awt.EventDispatchThread.pumpOneEventForFilters(EventDispatchThread.java:201)
	at java.awt.EventDispatchThread.pumpEventsForFilter(EventDispatchThread.java:116)
	at java.awt.EventDispatchThread.pumpEventsForHierarchy(EventDispatchThread.java:105)
	at java.awt.EventDispatchThread.pumpEvents(EventDispatchThread.java:101)
	at java.awt.EventDispatchThread.pumpEvents(EventDispatchThread.java:93)
	at java.awt.EventDispatchThread.run(EventDispatchThread.java:82)

